<?xml version="1.0" encoding="UTF-8"?>
<!-- Generated by org.testng.reporters.JUnitReportReporter -->
<testsuite skipped="0" hostname="Praveen-Jaiswal" name="com.demo.keyworddriver.framework.testController.TestController" tests="1" failures="0" timestamp="21 Jul 2021 13:57:59 GMT" time="138.906" errors="0">
  <testcase name="TestCaseController" time="138.906" classname="com.demo.keyworddriver.framework.testController.TestController"/>
</testsuite> <!-- com.demo.keyworddriver.framework.testController.TestController -->
